<?xml version="1.0" encoding="UTF-8"?>
<testng-results ignored="0" total="1" passed="1" failed="0" skipped="0">
  <reporter-output>
  </reporter-output>
  <suite started-at="2025-03-31T13:35:06 IST" name="Default suite" finished-at="2025-03-31T13:35:19 IST" duration-ms="13449">
    <groups>
    </groups>
    <test started-at="2025-03-31T13:35:06 IST" name="Default test" finished-at="2025-03-31T13:35:19 IST" duration-ms="13449">
      <class name="selenium_basics.frame_demo">
        <test-method signature="f()[pri:0, instance:selenium_basics.frame_demo@55183b20]" started-at="2025-03-31T13:35:06 IST" name="f" finished-at="2025-03-31T13:35:19 IST" duration-ms="13370" status="PASS">
          <reporter-output>
          </reporter-output>
        </test-method> <!-- f -->
      </class> <!-- selenium_basics.frame_demo -->
    </test> <!-- Default test -->
  </suite> <!-- Default suite -->
</testng-results>
